BEAGLESYS is  /afs/rhic.bnl.gov/eic/PACKAGES/BeAGLE
argument 1 is /gpfs/mnt/gpfs02/eic/wlin/BeAGLE/newCondor/INP/eHe3_10x166_Q2set3.5.inp
BEAGLESYS is  /afs/rhic.bnl.gov/eic/PACKAGES/BeAGLE
 +-----------------------------------------------------------------------+
 | Welcome to BeAGLE - Benchmark eA Generator for LEptoproduction        |
 |                                                                       |
 |         BBBBBB  EEEEEEE     A     GGGGGG  LL       EEEEEEE            |
 |         BB   B  EE         A A    GG      LL       EE                 |
 |         BB  B   EE        A   A   GG      LL       EE                 |
 |         BBBBB   EEEEE     AAAAA   GG  GG  LL       EEEEE              |
 |         BB  B   EE       A     A  GG   G  LL       EE                 |
 |         BB   B  EE       A     A  GG   G  LL       EE                 |
 |         BBBBBB  EEEEEEE  A     A  GGGGGG  LLLLLLL  EEEEEEE            |
 |                                                                       |
 | BeAGLE Version 1.03.02                                                |
 |                                                                       |
 | Authors: Elke Aschenauer, Mark D. Baker, J.H. Lee, Zhoudunming Tu,    |
 |          Liang Zheng                                                  |
 | Contact: mdbaker@mdbpads.com or zhoudunming@bnl.gov                   |
 |                                                                       |
 | This program (previously called DPMJetHybrid) links to:               |
 | DPMJET, PHOJET, & PYTHIA (see version #s below) including also        |
 | LHAPDF for pdfs, and FLUKA & PyQM for conventional nuclear effects    |
 +-----------------------------------------------------------------------+

                            _______.
                         ,=~       '~\c.
                        i`             '\.
                       ,!                'c
                      ,/                 . t
                   ,_v`              ,,md@m.\
               ,v=~`    m.           [d@@@@@/i
             ,/`        '*          ],@@@@@@[[
            ,!                      ]]@@@@@@[[
            /                       ]]@@@@@@[[
           i`                       ]]@@@@@@[[
          g4.                       'i@@@@@A\|
         ]W@b                        \/M@Af,|
         'M@@W                      v/~===/`
              \=c_______==~~~~\.   /
                             ,mWmmWs
                             '*A**Mf
                             ,v`   \c.
                           _=`       'c.              v==c.
                         v/            'c           _K., i'i
                      ,v~                \c_  __==~~  ]'i] ]
                    ,=`                     ~~      'P`,!/ /
                  _/`      .           -.           .!.' _/
       ,.     ,_=~    ,_=/~[            N=__  __==~~'\/~~
     ,/`'i  ,/`    _=~`    [            ]   ~~
      t_.]~~~~~TXXXXG.     [            |.
      ] 'Y~~~~~`     [     [             [
      ]v`d           [     ]    __.       [
      ] /]   ,/    .,!     ]  v~, /\c   ,v/~~=.
      ][!d  -`    i` ]     ] / i! !i'i  [, [] /c
      ][/]    v   [  ]     ]i` `   ' [ ] !    !'i
      ]P,4  ,/   / / ]     ]]        [ ]        [
      ][/] -`   ,|,-'i     ]]        [ ]        [
      iV,]   v  / /  [     ]]        [ ]        [
      ] \] ,/    '   [     |/i       [ ]       ,|
~~~~~~Vg|] ` ____====f~~~~~~~~c    ,/~~~c     ,/~~~~~~~~~~~~~~~~~~~
        '~~~~                 ~==/`     \c__=`

 Art credit: asciiworld.com


 +-----------------------------------------------------------------------+
 |                                                                       |
 |                          DPMJET version 3.0-5                         |
 |                                                                       |
 |                      (Last change: 06 Jan 2010)                       |
 |                                                                       |
 |            Authors: Stefan Roesler   (CERN)                           |
 |                     Ralph Engel      (FZ Karlsruhe)                   |
 |                     Johannes Ranft   (Siegen Univ.)                   |
 |                                                                       |
 +-----------------------------------------------------------------------+
 | Please send suggestions, bug reports, etc. to: Stefan.Roesler@cern.ch |
 +-----------------------------------------------------------------------+

 Will use BEAGLESYS for .dat files: /afs/rhic.bnl.gov/eic/PACKAGES/BeAGLE.
  
**********************************************************************        
* Example for a DTUNUC input file.                                            
* Uncomment the input-cards according to your requirements.                   
*                                                                             
* Format: A10,6E10.0,A8                                                       
*        (except for the section enclosed by "PHOINPUT" and "ENDINPUT"        
*         which is format-free)                                               
*         lines starting with "*" are comment lines                           
**********************************************************************        
*                                                                             
* projectile / target                                                         
* -------------------                                                         
PROJPAR     0.00      0.00      0.00      0.00      0.00      0.00    ELECTRON
TARPAR      3.00      2.00      0.00      0.00      0.00      0.00            

 WARNING!
 WARNING!
 WARNING WILL ROBISON!
 Intranuclear cascade disallowed for A=3
 KTAUGE set to 0 to turn off INC

TAUFOR      10.0      25.0      1.00      0.00      0.00      0.00            

 WARNING!
 WARNING!
 WARNING WILL ROBISON!
 Intranuclear cascade disallowed for A=3
 KTAUGE set to 0 to turn off INC

FERMI       2.00     0.620      1.00      0.00      0.00      0.00            
* random number                                                               
FSEED       13.0     -1.00      3.00      3.00      0.00      0.00            
* output file with the name of fort.xx (xx=21-99)                             
OUTPUT      92.0      0.00      0.00      0.00      0.00      0.00            
* energy of interaction                                                       
* ---------------------                                                       
*	     momentum of beam1||momentum of beam2                                   
MOMENTUM    10.0      166.      0.00      0.00      0.00      0.00            
 BEAM1, BEAM2, MAscl, gamma, beta, EPN
   10.000000000000000          166.00000000000000         0.93613074553494069          177.32847719342320         0.99998409929105947          3546.5413496986380     
*	decay of pi0  2/0  decay/not decayed                                        
PARDECAY    2.00      0.00      0.00      0.00      0.00      0.00            
*	treatment of diffractive events                                             
*DIFFRACT         -3         0         0         0                            
* lepton tagger to sample events with certain kinematics cuts                 
*		yMin      yMax    Q2Min    Q2Max   theta_Min theta_Max                     
L-TAG      0.100E-01 0.950      100.     0.100E+05  0.00      6.00    .29     
*VDM-PAR2           1        1         0                                      
* model selection                                                             
USERSET     15.0      9.00      0.00      0.00      0.00      0.00            
 USERSET 15 selected. Fermi debug.
            USER1 = pxmiss
            USER2 = pxspec
            USER3 = P00
MODEL       0.00      0.00      0.00      0.00      0.00      0.00    PYTHIA  
* if PYTHIA model specify pythia input cards                                  
PY-INPUT    0.00      0.00      0.00      0.00      0.00      0.00    PY/py3.5
* PHOJET-specific input                                                       
* ---------------------                                                       
* The following lines control the event-generation with PHOJET for            
* individual photon/nucleon-nucleon collisions.                               
* For details see the PHOJET-manual available at                              
*        http://lepton.bartol.udel.edu/~eng/phojet.html                       
* Any options explained in the PHOJET-manual can be used in between           
* the "PHOINPUT" and "ENDINPUT" cards.                                        
PHOINPUT    0.00      0.00      0.00      0.00      0.00      0.00            

  ===================================================
                                                     
       ----      PHOJET version 1.12      ----      
                                                     
  ===================================================
      Authors: Ralph Engel      (FZ Karlsruhe)
               Johannes Ranft   (Siegen Univ.)
               Stefan Roesler   (CERN)
  ---------------------------------------------------
    Manual, updates, and further information:
     http://www-ik.fzk.de/~engel/phojet.html
  ---------------------------------------------------
     please send suggestions / bug reports etc. to:
              ralph.engel@fzk.de
  ===================================================
    $Date: 2000/06/25 21:59:19 $
    $Revision: 1.12.1.35 $
    (code version with interface to PYTHIA 6.x)
    (code version for usage in DPMJET 3.x)
  ===================================================

 PROCESS              1           1           1           1           1           1           1           1
  RETURN
*                                                                             
* Output                                                                      
* ------                                                                      
*   some default output (particle multiplicities etc.)                        
HISTOGRAM   101.      102.      0.00      0.00      0.00      0.00            
*                                                                             
* Start of event generation                                                   
* -------------------------                                                   
*		number of events                                                           
START      0.100E+07  0.00      0.00      0.00      0.00      0.00            
 %%%%%%%%%% FLUKA RANDOM SEED INIT %%%%%%%%%%%
          13          -1           3           3
 %%%%%%%%%%%%%%%%%%%%%%%%%%%%%%%%%%%%%%%%%%%%%
 DT_JSPARA: new value (default value)
 Momentum read by BeAGLE: P(e)=   10.000000000000000       P(p)=   166.00000000000000     
 the input file is: PY/py3.5                                                                                                                                                                                                                                                        
1                                                                              
 ******************************************************************************
 ******************************************************************************
 **                                                                          **
 **                                                                          **
 **              *......*                  Welcome to the Lund Monte Carlo!  **
 **         *:::!!:::::::::::*                                               **
 **      *::::::!!::::::::::::::*          PPP  Y   Y TTTTT H   H III   A    **
 **    *::::::::!!::::::::::::::::*        P  P  Y Y    T   H   H  I   A A   **
 **   *:::::::::!!:::::::::::::::::*       PPP    Y     T   HHHHH  I  AAAAA  **
 **   *:::::::::!!:::::::::::::::::*       P      Y     T   H   H  I  A   A  **
 **    *::::::::!!::::::::::::::::*!       P      Y     T   H   H III A   A  **
 **      *::::::!!::::::::::::::* !!                                         **
 **      !! *:::!!:::::::::::*    !!       This is PYTHIA version 6.428      **
 **      !!     !* -><- *         !!       Last date of change:  5 Sep 2013  **
 **      !!     !!                !!                                         **
 **      !!     !!                !!       Now is  0 Jan 2000 at  0:00:00    **
 **      !!                       !!                                         **
 **      !!        lh             !!       Disclaimer: this program comes    **
 **      !!                       !!       without any guarantees. Beware    **
 **      !!                 hh    !!       of errors and use common sense    **
 **      !!    ll                 !!       when interpreting results.        **
 **      !!                       !!                                         **
 **      !!                                Copyright T. Sjostrand (2011)     **
 **                                                                          **
 ** An archive of program versions and documentation is found on the web:    **
 ** http://www.thep.lu.se/~torbjorn/Pythia.html                              **
 **                                                                          **
 ** When you cite this program, the official reference is to the 6.4 manual: **
 ** T. Sjostrand, S. Mrenna and P. Skands, JHEP05 (2006) 026                 **
 ** (LU TP 06-13, FERMILAB-PUB-06-052-CD-T) [hep-ph/0603175].                **
 **                                                                          **
 ** Also remember that the program, to a large extent, represents original   **
 ** physics research. Other publications of special relevance to your        **
 ** studies may therefore deserve separate mention.                          **
 **                                                                          **
 ** Main author: Torbjorn Sjostrand; Department of Theoretical Physics,      **
 **   Lund University, Solvegatan 14A, S-223 62 Lund, Sweden;                **
 **   phone: + 46 - 46 - 222 48 16; e-mail: torbjorn@thep.lu.se              **
 ** Author: Stephen Mrenna; Computing Division, GDS Group,                   **
 **   Fermi National Accelerator Laboratory, MS 234, Batavia, IL 60510, USA; **
 **   phone: + 1 - 630 - 840 - 2556; e-mail: mrenna@fnal.gov                 **
 ** Author: Peter Skands; CERN/PH-TH, CH-1211 Geneva, Switzerland            **
 **   phone: + 41 - 22 - 767 24 47; e-mail: peter.skands@cern.ch             **
 **                                                                          **
 **                                                                          **
 ******************************************************************************
 ******************************************************************************
     MSEL           changed from              1 to              2
     mstp(14)       changed from             30 to             30
     MSTP(15)       changed from              0 to              0
     MSTP(16)       changed from              1 to              1
     MSTP(17)       changed from              4 to              6
     MSTP(18)       changed from              3 to              3
     MSTP(19)       changed from              4 to              1
     MSTP(20)       changed from              3 to              4
     MSTP(32)       changed from              8 to              8
     MSTP(38)       changed from              5 to              4
     MSTP(51)       changed from              7 to          10042
     MSTP(52)       changed from              1 to              2
     MSTP(53)       changed from              3 to              3
     MSTP(54)       changed from              1 to              1
     MSTP(55)       changed from              5 to              5
     MSTP(56)       changed from              1 to              1
     MSTP(57)       changed from              1 to              1
     MSTP(58)       changed from              5 to              5
     MSTP(59)       changed from              1 to              1
     MSTP(60)       changed from              7 to              7
     MSTP(61)       changed from              2 to              2
     MSTP(71)       changed from              1 to              1
     MSTP(81)       changed from              1 to              0
     MSTP(82)       changed from              4 to              1
     MSTP(91)       changed from              1 to              1
     MSTP(92)       changed from              3 to              3
     MSTP(93)       changed from              1 to              1
     MSTP(94)       changed from              3 to              2
     MSTP(101)      changed from              3 to              1
     MSTP(102)      changed from              1 to              1
     MSTP(111)      changed from              1 to              1
     MSTP(121)      changed from              0 to              0
     PARP(2)        changed from       10.00000 to        2.00000
     PARP(13)       changed from        1.00000 to        1.00000
     PARP(18)       changed from        0.40000 to        0.17000
     PARP(81)       changed from        1.90000 to        1.90000
     PARP(89)       changed from     1800.00000 to     1800.00000
     PARP(90)       changed from        0.25000 to        0.16000
     PARP(91)       changed from        2.00000 to        0.40000
     PARP(93)       changed from        5.00000 to        5.00000
     PARP(97)       changed from        1.00000 to        6.00000
     PARP(99)       changed from        1.00000 to        0.40000
     PARP(100)      changed from        5.00000 to        5.00000
     PARP(102)      changed from        0.28000 to        0.28000
     PARP(103)      changed from        1.00000 to        1.00000
     PARP(104)      changed from        0.80000 to        0.80000
     PARP(111)      changed from        2.00000 to        2.00000
     PARP(161)      changed from        2.20000 to        3.00000
     PARP(162)      changed from       23.60000 to       24.60000
     PARP(163)      changed from       18.40000 to       18.80000
     PARP(164)      changed from       11.50000 to       11.50000
     PARP(165)      changed from        0.50000 to        0.47679
     PARP(166)      changed from        0.00000 to        0.67597
     PARJ(1)        changed from        0.10000 to        0.10000
     PARJ(2)        changed from        0.30000 to        0.30000
     PARJ(11)       changed from        0.50000 to        0.50000
     PARJ(12)       changed from        0.60000 to        0.60000
     PARJ(21)       changed from        0.36000 to        0.40000
     PARJ(32)       changed from        1.00000 to        1.00000
     PARJ(33)       changed from        0.80000 to        0.80000
     PARJ(41)       changed from        0.30000 to        0.30000
     PARJ(42)       changed from        0.58000 to        0.58000
     PARJ(45)       changed from        0.50000 to        0.50000
     PARJ(170)      changed from        0.36000 to        0.32000
     MSTJ(1)        changed from              1 to              1
     MSTJ(12)       changed from              2 to              1
     MSTJ(45)       changed from              5 to              5
     MSTU(112)      changed from              5 to              5
     MSTU(113)      changed from              3 to              5
     MSTU(114)      changed from              5 to              5
     CKIN(1)        changed from        2.00000 to        1.00000
     CKIN(2)        changed from       -1.00000 to       -1.00000
     CKIN(3)        changed from        0.00000 to        0.00000
     CKIN(4)        changed from       -1.00000 to       -1.00000
     CKIN(5)        changed from        1.00000 to        1.00000
     CKIN(6)        changed from        1.00000 to        1.00000
     CKIN(7)        changed from      -10.00000 to      -10.00000
     CKIN(8)        changed from       10.00000 to       10.00000
     CKIN(9)        changed from      -40.00000 to      -40.00000
     CKIN(10)       changed from       40.00000 to       40.00000
     CKIN(11)       changed from      -40.00000 to      -40.00000
     CKIN(12)       changed from       40.00000 to       40.00000
     CKIN(13)       changed from      -40.00000 to      -40.00000
     CKIN(14)       changed from       40.00000 to       40.00000
     CKIN(15)       changed from      -40.00000 to      -40.00000
     CKIN(16)       changed from       40.00000 to       40.00000
     CKIN(17)       changed from       -1.00000 to       -1.00000
     CKIN(18)       changed from        1.00000 to        1.00000
     CKIN(19)       changed from       -1.00000 to       -1.00000
     CKIN(20)       changed from        1.00000 to        1.00000
     CKIN(21)       changed from        0.00000 to        0.00000
     CKIN(22)       changed from        1.00000 to        1.00000
     CKIN(23)       changed from        0.00000 to        0.00000
     CKIN(24)       changed from        1.00000 to        1.00000
     CKIN(25)       changed from       -1.00000 to       -1.00000
     CKIN(26)       changed from        1.00000 to        1.00000
     CKIN(27)       changed from       -1.00000 to       -1.00000
     CKIN(28)       changed from        1.00000 to        1.00000
     CKIN(31)       changed from        2.00000 to        2.00000
     CKIN(32)       changed from       -1.00000 to       -1.00000
     CKIN(35)       changed from        0.00000 to        0.00000
     CKIN(36)       changed from       -1.00000 to       -1.00000
     CKIN(37)       changed from        0.00000 to        0.00000
     CKIN(38)       changed from       -1.00000 to       -1.00000
     CKIN(39)       changed from        4.00000 to        4.00000
     CKIN(40)       changed from       -1.00000 to       -1.00000
     CKIN(65)       changed from        0.00000 to        0.00000
     CKIN(66)       changed from       -1.00000 to       -1.00000
     CKIN(67)       changed from        0.00000 to        0.00000
     CKIN(68)       changed from       -1.00000 to       -1.00000
     CKIN(77)       changed from        2.00000 to        2.00000
     CKIN(78)       changed from       -1.00000 to       -1.00000
 WARNING: Shadowing corrections for gamma*+Au are being used. Not fully accurate for A=           3
 WARNING: Shadowing corrections for gamma*+Cu are being used. Not fully accurate for A=           3
 Opening file: /afs/rhic.bnl.gov/eic/PACKAGES/BeAGLE/shadowmapCa.dat                                                                                                                                                                                                          
 *********************************************
 NOW all parameters are read by PYTHIA
 *********************************************
 the output file is: outForPythiaMode/eHe3_10x166_Q2set3.5.txt                                                                                                                                                                                                                       
 kinematics cut read by PYTHIA:
   1.0000000000000000E-002  < y <   0.94999999999999996      ,    100.00000000000000       < Q2 <    10000.000000000000     
 Successfully got seed from /dev/urandom:    806365679
 SEED =    806365679
 RANLUX LUXURY LEVEL SET BY RLUXGO : 4     P= 389
 RANLUX INITIALIZED BY RLUXGO FROM SEEDS   806365679           0           0
   3546.5413496895944        10.000000013005000       -3546.5413496895571       -10.000000000000000     
 *********************************************
 Nucleus: Z, A:            2             3
 Per nucleon beam momentum:   166.00000000000000      GeV
 sqrts for momentum matched ep:    81.491922224938435      GeV
 Rapidity-matched neutron beam momentum:    166.60986805948096      GeV
 Rapidity-matched proton beam momentum:    166.37934470467258      GeV
 lepton beam momentum:    10.000000000000000      GeV
 sqrts for eN system:    81.641475390273939      GeV
 lepton beam energy in TRF:    3546.5413496895944      GeV
 *********************************************
 Density profile of the target: DONE
 Charge number=           2  Mass number=           3
 Quenching requested, qhat=   0.0000000000000000     
 Using recoil factor:   0.0000000000000000     
       Ptmodel iPtF:            3
       EmitGluon iEg:           0
       SupFactor:       1.0000000000000000     
       Heavy Quarks:            0
       Energy Thres:    0.0000000000000000     

 WEAK DECAY TABLE
 Particle, PID, MDCY value
 K_S0                     310           1
 pi0                      111           1
 Lambda0                 3122           1
 Lambdabar0             -3122           1
 Sigma+                  3222           1
 Sigmabar-              -3222           1
 Sigma-                  3112           1
 Sigmabar+              -3112           1
 Xi0                     3322           1
 Xibar0                 -3322           1
 Xi-                     3312           1
 Xibar+                 -3312           1
 Omega-                  3334           1
 Omegabar+              -3334           1
 D+                       411           1
 D-                      -411           1
 D0                       421           1
 Dbar0                   -421           1
 D_s+                     431           1
 D_s-                    -431           1
 eta_c                    441           1
 Lambda_c+               4122           1
 Lambda_cbar-           -4122           1
 Sigma_c++               4222           1
 Sigma_c+                4212           1
 Sigma_c0                4112           1
 Sigma_cbar--           -4222           1
 Sigma_cbar-            -4212           1
 Sigma_cbar0            -4112           1
 Xi_c+                   4232           1
 Xi_c0                   4132           1
 Xi_cbar-               -4232           1
 Xi_cbar0               -4132           1
 Sigma0                  3212           1
 Sigmabar0              -3212           1
 J/psi                    443           1
 phi                      333           1

1****************** PYINIT: initialization of PYTHIA routines *****************
 ==== PYTHIA WILL USE LHAPDF ====
 *************************************
 *       LHAPDF Version 5.9.1        *
 *   Configured for the following:   *
 *             All PDFs              *
 *         FULL MEMORY option        *
 *    Maximum  3 concurrent set(s)   *
 *************************************

 >>>>>> PDF description: <<<<<<
 CTEQ6L1 - LO with LO alpha_s                                    
 Reference:                                                      
 J. Pumplin, D.R. Stump, J. Huston, H.L. Lai, P. Nadolsky,       
 W.K. Tung                                                       
 hep-ph/0201195                                                  
 >>>>>>                   <<<<<<

 Parametrization: CTEQ6           

 ==============================================
 PDFset name /cvmfs/sft.cern.ch/lcg/external/lhapdfsets/5.9.1/share/PDFsets/cteq6ll.LHpdf    
 with          1 members
 ====  initialized. ===========================
 Strong coupling at Mz for PDF is:  0.12978

 ==============================================================================
 I                                                                            I
 I      PYTHIA will be initialized for gamma/e- on n0 user configuration      I
 I                                                                            I
 I                  px (GeV/c)   py (GeV/c)   pz (GeV/c)      E (GeV)         I
 I        gamma/e-       0.000        0.000      -10.000       10.000         I
 I        n0             0.000        0.000      166.610      166.613         I
 I                                                                            I
 I           corresponding to     81.641 GeV center-of-mass energy            I
 I                                                                            I
 ==============================================================================
 EPS09LO unavailable for A=           3 using           4
 /cvmfs/sft.cern.ch/lcg/external/lhapdfsets/5.9.1/share/PDFsets/EPS09LOR_4.LHgrid

 ******** PYMAXI: summary of differential cross-section maximum search ********

           ==========================================================
           I                                      I                 I
           I  ISUB  Subprocess name               I  Maximum value  I
           I                                      I                 I
           ==========================================================
           I                                      I                 I
           I   91   Elastic scattering            I    5.6950D-04   I
           I   92   Single diffractive (XB)       I    4.2849D-04   I
           I   93   Single diffractive (AX)       I    3.4998D-04   I
           I   94   Double  diffractive           I    3.3664D-04   I
           I   95   Low-pT scattering             I    2.5626D-03   I
           I   96   Semihard QCD 2 -> 2           I    2.4711D-02   I
           I                                      I                 I
           ==========================================================

 ******** PYMAXI: summary of differential cross-section maximum search ********

           ==========================================================
           I                                      I                 I
           I  ISUB  Subprocess name               I  Maximum value  I
           I                                      I                 I
           ==========================================================
           I                                      I                 I
           I  131   f + gamma*_T -> f + g         I    2.3539D-04   I
           I  132   f + gamma*_L -> f + g         I    1.2448D-05   I
           I  135   g + gamma*_T -> f + fbar      I    9.8468D-04   I
           I  136   g + gamma*_L -> f + fbar      I    1.7423D-04   I
           I                                      I                 I
           ==========================================================

 ******** PYMAXI: summary of differential cross-section maximum search ********

           ==========================================================
           I                                      I                 I
           I  ISUB  Subprocess name               I  Maximum value  I
           I                                      I                 I
           ==========================================================
           I                                      I                 I
           I   91   Elastic scattering            I    2.6384D-05   I
           I   92   Single diffractive (XB)       I    2.0246D-05   I
           I   93   Single diffractive (AX)       I    1.6066D-05   I
           I   94   Double  diffractive           I    1.5795D-05   I
           I   95   Low-pT scattering             I    1.2768D-04   I
           I   96   Semihard QCD 2 -> 2           I    1.8175D-02   I
           I                                      I                 I
           ==========================================================

 ******** PYMAXI: summary of differential cross-section maximum search ********

           ==========================================================
           I                                      I                 I
           I  ISUB  Subprocess name               I  Maximum value  I
           I                                      I                 I
           ==========================================================
           I                                      I                 I
           I   99   q + gamma* -> q               I    3.5601D-03   I
           I                                      I                 I
           ==========================================================

 ********************** PYINIT: initialization completed **********************
 LAEVT:                kinematical cuts
                      ------------------
         W (min)   =    0.5 GeV    (max) =   81.6 GeV
         y (min)   =  0.010        (max) =  0.950
         Q^2 (min) =  100.0 GeV^2  (max) =10000.0 GeV^2
 (Lab)   E_g (min) =    0.0 GeV
 (Lab) theta (min) = 0.0000        (max) = 6.0000   for E_lpt >    0.0 GeV

 resulting limits:
         W (min)   =    8.2 GeV    (max) =   79.6 GeV

 limits for Glauber-initialization:
         W (min)   =    8.2 GeV    (max) =   79.6 GeV
         Q^2 (min) =  100.0 GeV^2  (max) =10000.0 GeV^2



 SHMAKI:    Glauber formalism (Shmakov et. al) - initialization
            ---------------------------------------------------

 variable energy run:     projectile-id:  7    target A/Z:   3 /  2

        E_cm (GeV)    Q^2 (GeV^2)    Sigma_tot (mb)     Sigma_in (mb)
       --------------------------------------------------------------
            8.2         100.00           0.000              0.000
            8.2         316.23           0.000              0.000
            8.2         ******           0.000              0.000
            8.2         ******           0.000              0.000
            8.2         ******           0.000              0.000
           11.4         100.00           0.001              0.000
           11.4         316.23           0.000              0.000
           11.4         ******           0.000              0.000
           11.4         ******           0.000              0.000
           11.4         ******           0.000              0.000
           15.7         100.00           0.001              0.000
           15.7         316.23           0.000              0.000
           15.7         ******           0.000              0.000
           15.7         ******           0.000              0.000
           15.7         ******           0.000              0.000
           21.7         100.00           0.001              0.000
           21.7         316.23           0.000              0.000
           21.7         ******           0.000              0.000
           21.7         ******           0.000              0.000
           21.7         ******           0.000              0.000
           30.1         100.00           0.002              0.000
           30.1         316.23           0.000              0.000
           30.1         ******           0.000              0.000
           30.1         ******           0.000              0.000
           30.1         ******           0.000              0.000
           41.6         100.00           0.002              0.000
           41.6         316.23           0.000              0.000
           41.6         ******           0.000              0.000
           41.6         ******           0.000              0.000
           41.6         ******           0.000              0.000
           57.5         100.00           0.002              0.000
           57.5         316.23           0.000              0.000
           57.5         ******           0.000              0.000
           57.5         ******           0.000              0.000
           57.5         ******           0.000              0.000
           79.6         100.00           0.002              0.000
           79.6         316.23           0.001              0.000
           79.6         ******           0.000              0.000
           79.6         ******           0.000              0.000
           79.6         ******           0.000              0.000
 DT_SIGEMU:    Combined cross sections
               -----------------------

 E_cm =      8.2 GeV  Q^2 = 100.0 GeV^2 :

 total                                    0.0004 +-    0.00000 mb
 elastic                                  0.0000 +-    0.00000 mb
 quasi-elastic (A+B-->A+X)                0.0000 +-    0.00000 mb
 quasi-elastic (A+B-->X+B)                0.0000 +-    0.00000 mb
 quasi-elastic (A+B-->X, excl. 2-4)       0.0000 +-    0.00000 mb
 production                               0.0000 +-    0.00000 mb
 diff-el                                  0.0000 +-    0.00000 mb
 diff-qel                                 0.0000 +-    0.00000 mb

 E_cm =      8.2 GeV  Q^2 = 316.2 GeV^2 :

 total                                    0.0000 +-    0.00000 mb
 elastic                                  0.0000 +-    0.00000 mb
 quasi-elastic (A+B-->A+X)                0.0000 +-    0.00000 mb
 quasi-elastic (A+B-->X+B)                0.0000 +-    0.00000 mb
 quasi-elastic (A+B-->X, excl. 2-4)       0.0000 +-    0.00000 mb
 production                               0.0000 +-    0.00000 mb
 diff-el                                  0.0000 +-    0.00000 mb
 diff-qel                                 0.0000 +-    0.00000 mb

 E_cm =      8.2 GeV  Q^2 =1000.0 GeV^2 :

 total                                    0.0000 +-    0.00000 mb
 elastic                                  0.0000 +-    0.00000 mb
 quasi-elastic (A+B-->A+X)                0.0000 +-    0.00000 mb
 quasi-elastic (A+B-->X+B)                0.0000 +-    0.00000 mb
 quasi-elastic (A+B-->X, excl. 2-4)       0.0000 +-    0.00000 mb
 production                               0.0000 +-    0.00000 mb
 diff-el                                  0.0000 +-    0.00000 mb
 diff-qel                                 0.0000 +-    0.00000 mb

 E_cm =      8.2 GeV  Q^2 =3162.3 GeV^2 :

 total                                    0.0000 +-    0.00000 mb
 elastic                                  0.0000 +-    0.00000 mb
 quasi-elastic (A+B-->A+X)                0.0000 +-    0.00000 mb
 quasi-elastic (A+B-->X+B)                0.0000 +-    0.00000 mb
 quasi-elastic (A+B-->X, excl. 2-4)       0.0000 +-    0.00000 mb
 production                               0.0000 +-    0.00000 mb
 diff-el                                  0.0000 +-    0.00000 mb
 diff-qel                                 0.0000 +-    0.00000 mb

 E_cm =      8.2 GeV  Q^2 =****** GeV^2 :

 total                                    0.0000 +-    0.00000 mb
 elastic                                  0.0000 +-    0.00000 mb
 quasi-elastic (A+B-->A+X)                0.0000 +-    0.00000 mb
 quasi-elastic (A+B-->X+B)                0.0000 +-    0.00000 mb
 quasi-elastic (A+B-->X, excl. 2-4)       0.0000 +-    0.00000 mb
 production                               0.0000 +-    0.00000 mb
 diff-el                                  0.0000 +-    0.00000 mb
 diff-qel                                 0.0000 +-    0.00000 mb

 E_cm =     11.4 GeV  Q^2 = 100.0 GeV^2 :

 total                                    0.0008 +-    0.00000 mb
 elastic                                  0.0000 +-    0.00000 mb
 quasi-elastic (A+B-->A+X)                0.0000 +-    0.00000 mb
 quasi-elastic (A+B-->X+B)                0.0000 +-    0.00000 mb
 quasi-elastic (A+B-->X, excl. 2-4)       0.0000 +-    0.00000 mb
 production                               0.0000 +-    0.00000 mb
 diff-el                                  0.0000 +-    0.00000 mb
 diff-qel                                 0.0000 +-    0.00000 mb

 E_cm =     11.4 GeV  Q^2 = 316.2 GeV^2 :

 total                                    0.0000 +-    0.00000 mb
 elastic                                  0.0000 +-    0.00000 mb
 quasi-elastic (A+B-->A+X)                0.0000 +-    0.00000 mb
 quasi-elastic (A+B-->X+B)                0.0000 +-    0.00000 mb
 quasi-elastic (A+B-->X, excl. 2-4)       0.0000 +-    0.00000 mb
 production                               0.0000 +-    0.00000 mb
 diff-el                                  0.0000 +-    0.00000 mb
 diff-qel                                 0.0000 +-    0.00000 mb

 E_cm =     11.4 GeV  Q^2 =1000.0 GeV^2 :

 total                                    0.0000 +-    0.00000 mb
 elastic                                  0.0000 +-    0.00000 mb
 quasi-elastic (A+B-->A+X)                0.0000 +-    0.00000 mb
 quasi-elastic (A+B-->X+B)                0.0000 +-    0.00000 mb
 quasi-elastic (A+B-->X, excl. 2-4)       0.0000 +-    0.00000 mb
 production                               0.0000 +-    0.00000 mb
 diff-el                                  0.0000 +-    0.00000 mb
 diff-qel                                 0.0000 +-    0.00000 mb

 E_cm =     11.4 GeV  Q^2 =3162.3 GeV^2 :

 total                                    0.0000 +-    0.00000 mb
 elastic                                  0.0000 +-    0.00000 mb
 quasi-elastic (A+B-->A+X)                0.0000 +-    0.00000 mb
 quasi-elastic (A+B-->X+B)                0.0000 +-    0.00000 mb
 quasi-elastic (A+B-->X, excl. 2-4)       0.0000 +-    0.00000 mb
 production                               0.0000 +-    0.00000 mb
 diff-el                                  0.0000 +-    0.00000 mb
 diff-qel                                 0.0000 +-    0.00000 mb

 E_cm =     11.4 GeV  Q^2 =****** GeV^2 :

 total                                    0.0000 +-    0.00000 mb
 elastic                                  0.0000 +-    0.00000 mb
 quasi-elastic (A+B-->A+X)                0.0000 +-    0.00000 mb
 quasi-elastic (A+B-->X+B)                0.0000 +-    0.00000 mb
 quasi-elastic (A+B-->X, excl. 2-4)       0.0000 +-    0.00000 mb
 production                               0.0000 +-    0.00000 mb
 diff-el                                  0.0000 +-    0.00000 mb
 diff-qel                                 0.0000 +-    0.00000 mb

 E_cm =     15.7 GeV  Q^2 = 100.0 GeV^2 :

 total                                    0.0012 +-    0.00000 mb
 elastic                                  0.0000 +-    0.00000 mb
 quasi-elastic (A+B-->A+X)                0.0000 +-    0.00000 mb
 quasi-elastic (A+B-->X+B)                0.0000 +-    0.00000 mb
 quasi-elastic (A+B-->X, excl. 2-4)       0.0000 +-    0.00000 mb
 production                               0.0000 +-    0.00000 mb
 diff-el                                  0.0000 +-    0.00000 mb
 diff-qel                                 0.0000 +-    0.00000 mb

 E_cm =     15.7 GeV  Q^2 = 316.2 GeV^2 :

 total                                    0.0001 +-    0.00000 mb
 elastic                                  0.0000 +-    0.00000 mb
 quasi-elastic (A+B-->A+X)                0.0000 +-    0.00000 mb
 quasi-elastic (A+B-->X+B)                0.0000 +-    0.00000 mb
 quasi-elastic (A+B-->X, excl. 2-4)       0.0000 +-    0.00000 mb
 production                               0.0000 +-    0.00000 mb
 diff-el                                  0.0000 +-    0.00000 mb
 diff-qel                                 0.0000 +-    0.00000 mb

 E_cm =     15.7 GeV  Q^2 =1000.0 GeV^2 :

 total                                    0.0000 +-    0.00000 mb
 elastic                                  0.0000 +-    0.00000 mb
 quasi-elastic (A+B-->A+X)                0.0000 +-    0.00000 mb
 quasi-elastic (A+B-->X+B)                0.0000 +-    0.00000 mb
 quasi-elastic (A+B-->X, excl. 2-4)       0.0000 +-    0.00000 mb
 production                               0.0000 +-    0.00000 mb
 diff-el                                  0.0000 +-    0.00000 mb
 diff-qel                                 0.0000 +-    0.00000 mb

 E_cm =     15.7 GeV  Q^2 =3162.3 GeV^2 :

 total                                    0.0000 +-    0.00000 mb
 elastic                                  0.0000 +-    0.00000 mb
 quasi-elastic (A+B-->A+X)                0.0000 +-    0.00000 mb
 quasi-elastic (A+B-->X+B)                0.0000 +-    0.00000 mb
 quasi-elastic (A+B-->X, excl. 2-4)       0.0000 +-    0.00000 mb
 production                               0.0000 +-    0.00000 mb
 diff-el                                  0.0000 +-    0.00000 mb
 diff-qel                                 0.0000 +-    0.00000 mb

 E_cm =     15.7 GeV  Q^2 =****** GeV^2 :

 total                                    0.0000 +-    0.00000 mb
 elastic                                  0.0000 +-    0.00000 mb
 quasi-elastic (A+B-->A+X)                0.0000 +-    0.00000 mb
 quasi-elastic (A+B-->X+B)                0.0000 +-    0.00000 mb
 quasi-elastic (A+B-->X, excl. 2-4)       0.0000 +-    0.00000 mb
 production                               0.0000 +-    0.00000 mb
 diff-el                                  0.0000 +-    0.00000 mb
 diff-qel                                 0.0000 +-    0.00000 mb

 E_cm =     21.7 GeV  Q^2 = 100.0 GeV^2 :

 total                                    0.0014 +-    0.00000 mb
 elastic                                  0.0000 +-    0.00000 mb
 quasi-elastic (A+B-->A+X)                0.0000 +-    0.00000 mb
 quasi-elastic (A+B-->X+B)                0.0000 +-    0.00000 mb
 quasi-elastic (A+B-->X, excl. 2-4)       0.0000 +-    0.00000 mb
 production                               0.0000 +-    0.00000 mb
 diff-el                                  0.0000 +-    0.00000 mb
 diff-qel                                 0.0000 +-    0.00000 mb

 E_cm =     21.7 GeV  Q^2 = 316.2 GeV^2 :

 total                                    0.0003 +-    0.00000 mb
 elastic                                  0.0000 +-    0.00000 mb
 quasi-elastic (A+B-->A+X)                0.0000 +-    0.00000 mb
 quasi-elastic (A+B-->X+B)                0.0000 +-    0.00000 mb
 quasi-elastic (A+B-->X, excl. 2-4)       0.0000 +-    0.00000 mb
 production                               0.0000 +-    0.00000 mb
 diff-el                                  0.0000 +-    0.00000 mb
 diff-qel                                 0.0000 +-    0.00000 mb

 E_cm =     21.7 GeV  Q^2 =1000.0 GeV^2 :

 total                                    0.0000 +-    0.00000 mb
 elastic                                  0.0000 +-    0.00000 mb
 quasi-elastic (A+B-->A+X)                0.0000 +-    0.00000 mb
 quasi-elastic (A+B-->X+B)                0.0000 +-    0.00000 mb
 quasi-elastic (A+B-->X, excl. 2-4)       0.0000 +-    0.00000 mb
 production                               0.0000 +-    0.00000 mb
 diff-el                                  0.0000 +-    0.00000 mb
 diff-qel                                 0.0000 +-    0.00000 mb

 E_cm =     21.7 GeV  Q^2 =3162.3 GeV^2 :

 total                                    0.0000 +-    0.00000 mb
 elastic                                  0.0000 +-    0.00000 mb
 quasi-elastic (A+B-->A+X)                0.0000 +-    0.00000 mb
 quasi-elastic (A+B-->X+B)                0.0000 +-    0.00000 mb
 quasi-elastic (A+B-->X, excl. 2-4)       0.0000 +-    0.00000 mb
 production                               0.0000 +-    0.00000 mb
 diff-el                                  0.0000 +-    0.00000 mb
 diff-qel                                 0.0000 +-    0.00000 mb

 E_cm =     21.7 GeV  Q^2 =****** GeV^2 :

 total                                    0.0000 +-    0.00000 mb
 elastic                                  0.0000 +-    0.00000 mb
 quasi-elastic (A+B-->A+X)                0.0000 +-    0.00000 mb
 quasi-elastic (A+B-->X+B)                0.0000 +-    0.00000 mb
 quasi-elastic (A+B-->X, excl. 2-4)       0.0000 +-    0.00000 mb
 production                               0.0000 +-    0.00000 mb
 diff-el                                  0.0000 +-    0.00000 mb
 diff-qel                                 0.0000 +-    0.00000 mb

 E_cm =     30.1 GeV  Q^2 = 100.0 GeV^2 :

 total                                    0.0015 +-    0.00000 mb
 elastic                                  0.0000 +-    0.00000 mb
 quasi-elastic (A+B-->A+X)                0.0000 +-    0.00000 mb
 quasi-elastic (A+B-->X+B)                0.0000 +-    0.00000 mb
 quasi-elastic (A+B-->X, excl. 2-4)       0.0000 +-    0.00000 mb
 production                               0.0000 +-    0.00000 mb
 diff-el                                  0.0000 +-    0.00000 mb
 diff-qel                                 0.0000 +-    0.00000 mb

 E_cm =     30.1 GeV  Q^2 = 316.2 GeV^2 :

 total                                    0.0004 +-    0.00000 mb
 elastic                                  0.0000 +-    0.00000 mb
 quasi-elastic (A+B-->A+X)                0.0000 +-    0.00000 mb
 quasi-elastic (A+B-->X+B)                0.0000 +-    0.00000 mb
 quasi-elastic (A+B-->X, excl. 2-4)       0.0000 +-    0.00000 mb
 production                               0.0000 +-    0.00000 mb
 diff-el                                  0.0000 +-    0.00000 mb
 diff-qel                                 0.0000 +-    0.00000 mb

 E_cm =     30.1 GeV  Q^2 =1000.0 GeV^2 :

 total                                    0.0000 +-    0.00000 mb
 elastic                                  0.0000 +-    0.00000 mb
 quasi-elastic (A+B-->A+X)                0.0000 +-    0.00000 mb
 quasi-elastic (A+B-->X+B)                0.0000 +-    0.00000 mb
 quasi-elastic (A+B-->X, excl. 2-4)       0.0000 +-    0.00000 mb
 production                               0.0000 +-    0.00000 mb
 diff-el                                  0.0000 +-    0.00000 mb
 diff-qel                                 0.0000 +-    0.00000 mb

 E_cm =     30.1 GeV  Q^2 =3162.3 GeV^2 :

 total                                    0.0000 +-    0.00000 mb
 elastic                                  0.0000 +-    0.00000 mb
 quasi-elastic (A+B-->A+X)                0.0000 +-    0.00000 mb
 quasi-elastic (A+B-->X+B)                0.0000 +-    0.00000 mb
 quasi-elastic (A+B-->X, excl. 2-4)       0.0000 +-    0.00000 mb
 production                               0.0000 +-    0.00000 mb
 diff-el                                  0.0000 +-    0.00000 mb
 diff-qel                                 0.0000 +-    0.00000 mb

 E_cm =     30.1 GeV  Q^2 =****** GeV^2 :

 total                                    0.0000 +-    0.00000 mb
 elastic                                  0.0000 +-    0.00000 mb
 quasi-elastic (A+B-->A+X)                0.0000 +-    0.00000 mb
 quasi-elastic (A+B-->X+B)                0.0000 +-    0.00000 mb
 quasi-elastic (A+B-->X, excl. 2-4)       0.0000 +-    0.00000 mb
 production                               0.0000 +-    0.00000 mb
 diff-el                                  0.0000 +-    0.00000 mb
 diff-qel                                 0.0000 +-    0.00000 mb

 E_cm =     41.6 GeV  Q^2 = 100.0 GeV^2 :

 total                                    0.0017 +-    0.00000 mb
 elastic                                  0.0000 +-    0.00000 mb
 quasi-elastic (A+B-->A+X)                0.0000 +-    0.00000 mb
 quasi-elastic (A+B-->X+B)                0.0000 +-    0.00000 mb
 quasi-elastic (A+B-->X, excl. 2-4)       0.0000 +-    0.00000 mb
 production                               0.0000 +-    0.00000 mb
 diff-el                                  0.0000 +-    0.00000 mb
 diff-qel                                 0.0000 +-    0.00000 mb

 E_cm =     41.6 GeV  Q^2 = 316.2 GeV^2 :

 total                                    0.0004 +-    0.00000 mb
 elastic                                  0.0000 +-    0.00000 mb
 quasi-elastic (A+B-->A+X)                0.0000 +-    0.00000 mb
 quasi-elastic (A+B-->X+B)                0.0000 +-    0.00000 mb
 quasi-elastic (A+B-->X, excl. 2-4)       0.0000 +-    0.00000 mb
 production                               0.0000 +-    0.00000 mb
 diff-el                                  0.0000 +-    0.00000 mb
 diff-qel                                 0.0000 +-    0.00000 mb

 E_cm =     41.6 GeV  Q^2 =1000.0 GeV^2 :

 total                                    0.0001 +-    0.00000 mb
 elastic                                  0.0000 +-    0.00000 mb
 quasi-elastic (A+B-->A+X)                0.0000 +-    0.00000 mb
 quasi-elastic (A+B-->X+B)                0.0000 +-    0.00000 mb
 quasi-elastic (A+B-->X, excl. 2-4)       0.0000 +-    0.00000 mb
 production                               0.0000 +-    0.00000 mb
 diff-el                                  0.0000 +-    0.00000 mb
 diff-qel                                 0.0000 +-    0.00000 mb

 E_cm =     41.6 GeV  Q^2 =3162.3 GeV^2 :

 total                                    0.0000 +-    0.00000 mb
 elastic                                  0.0000 +-    0.00000 mb
 quasi-elastic (A+B-->A+X)                0.0000 +-    0.00000 mb
 quasi-elastic (A+B-->X+B)                0.0000 +-    0.00000 mb
 quasi-elastic (A+B-->X, excl. 2-4)       0.0000 +-    0.00000 mb
 production                               0.0000 +-    0.00000 mb
 diff-el                                  0.0000 +-    0.00000 mb
 diff-qel                                 0.0000 +-    0.00000 mb

 E_cm =     41.6 GeV  Q^2 =****** GeV^2 :

 total                                    0.0000 +-    0.00000 mb
 elastic                                  0.0000 +-    0.00000 mb
 quasi-elastic (A+B-->A+X)                0.0000 +-    0.00000 mb
 quasi-elastic (A+B-->X+B)                0.0000 +-    0.00000 mb
 quasi-elastic (A+B-->X, excl. 2-4)       0.0000 +-    0.00000 mb
 production                               0.0000 +-    0.00000 mb
 diff-el                                  0.0000 +-    0.00000 mb
 diff-qel                                 0.0000 +-    0.00000 mb

 E_cm =     57.5 GeV  Q^2 = 100.0 GeV^2 :

 total                                    0.0021 +-    0.00000 mb
 elastic                                  0.0000 +-    0.00000 mb
 quasi-elastic (A+B-->A+X)                0.0000 +-    0.00000 mb
 quasi-elastic (A+B-->X+B)                0.0000 +-    0.00000 mb
 quasi-elastic (A+B-->X, excl. 2-4)       0.0000 +-    0.00000 mb
 production                               0.0000 +-    0.00000 mb
 diff-el                                  0.0000 +-    0.00000 mb
 diff-qel                                 0.0000 +-    0.00000 mb

 E_cm =     57.5 GeV  Q^2 = 316.2 GeV^2 :

 total                                    0.0005 +-    0.00000 mb
 elastic                                  0.0000 +-    0.00000 mb
 quasi-elastic (A+B-->A+X)                0.0000 +-    0.00000 mb
 quasi-elastic (A+B-->X+B)                0.0000 +-    0.00000 mb
 quasi-elastic (A+B-->X, excl. 2-4)       0.0000 +-    0.00000 mb
 production                               0.0000 +-    0.00000 mb
 diff-el                                  0.0000 +-    0.00000 mb
 diff-qel                                 0.0000 +-    0.00000 mb

 E_cm =     57.5 GeV  Q^2 =1000.0 GeV^2 :

 total                                    0.0001 +-    0.00000 mb
 elastic                                  0.0000 +-    0.00000 mb
 quasi-elastic (A+B-->A+X)                0.0000 +-    0.00000 mb
 quasi-elastic (A+B-->X+B)                0.0000 +-    0.00000 mb
 quasi-elastic (A+B-->X, excl. 2-4)       0.0000 +-    0.00000 mb
 production                               0.0000 +-    0.00000 mb
 diff-el                                  0.0000 +-    0.00000 mb
 diff-qel                                 0.0000 +-    0.00000 mb

 E_cm =     57.5 GeV  Q^2 =3162.3 GeV^2 :

 total                                    0.0000 +-    0.00000 mb
 elastic                                  0.0000 +-    0.00000 mb
 quasi-elastic (A+B-->A+X)                0.0000 +-    0.00000 mb
 quasi-elastic (A+B-->X+B)                0.0000 +-    0.00000 mb
 quasi-elastic (A+B-->X, excl. 2-4)       0.0000 +-    0.00000 mb
 production                               0.0000 +-    0.00000 mb
 diff-el                                  0.0000 +-    0.00000 mb
 diff-qel                                 0.0000 +-    0.00000 mb

 E_cm =     57.5 GeV  Q^2 =****** GeV^2 :

 total                                    0.0000 +-    0.00000 mb
 elastic                                  0.0000 +-    0.00000 mb
 quasi-elastic (A+B-->A+X)                0.0000 +-    0.00000 mb
 quasi-elastic (A+B-->X+B)                0.0000 +-    0.00000 mb
 quasi-elastic (A+B-->X, excl. 2-4)       0.0000 +-    0.00000 mb
 production                               0.0000 +-    0.00000 mb
 diff-el                                  0.0000 +-    0.00000 mb
 diff-qel                                 0.0000 +-    0.00000 mb

 E_cm =     79.6 GeV  Q^2 = 100.0 GeV^2 :

 total                                    0.0025 +-    0.00000 mb
 elastic                                  0.0000 +-    0.00000 mb
 quasi-elastic (A+B-->A+X)                0.0000 +-    0.00000 mb
 quasi-elastic (A+B-->X+B)                0.0000 +-    0.00000 mb
 quasi-elastic (A+B-->X, excl. 2-4)       0.0000 +-    0.00000 mb
 production                               0.0000 +-    0.00000 mb
 diff-el                                  0.0000 +-    0.00000 mb
 diff-qel                                 0.0000 +-    0.00000 mb

 E_cm =     79.6 GeV  Q^2 = 316.2 GeV^2 :

 total                                    0.0006 +-    0.00000 mb
 elastic                                  0.0000 +-    0.00000 mb
 quasi-elastic (A+B-->A+X)                0.0000 +-    0.00000 mb
 quasi-elastic (A+B-->X+B)                0.0000 +-    0.00000 mb
 quasi-elastic (A+B-->X, excl. 2-4)       0.0000 +-    0.00000 mb
 production                               0.0000 +-    0.00000 mb
 diff-el                                  0.0000 +-    0.00000 mb
 diff-qel                                 0.0000 +-    0.00000 mb

 E_cm =     79.6 GeV  Q^2 =1000.0 GeV^2 :

 total                                    0.0001 +-    0.00000 mb
 elastic                                  0.0000 +-    0.00000 mb
 quasi-elastic (A+B-->A+X)                0.0000 +-    0.00000 mb
 quasi-elastic (A+B-->X+B)                0.0000 +-    0.00000 mb
 quasi-elastic (A+B-->X, excl. 2-4)       0.0000 +-    0.00000 mb
 production                               0.0000 +-    0.00000 mb
 diff-el                                  0.0000 +-    0.00000 mb
 diff-qel                                 0.0000 +-    0.00000 mb

 E_cm =     79.6 GeV  Q^2 =3162.3 GeV^2 :

 total                                    0.0000 +-    0.00000 mb
 elastic                                  0.0000 +-    0.00000 mb
 quasi-elastic (A+B-->A+X)                0.0000 +-    0.00000 mb
 quasi-elastic (A+B-->X+B)                0.0000 +-    0.00000 mb
 quasi-elastic (A+B-->X, excl. 2-4)       0.0000 +-    0.00000 mb
 production                               0.0000 +-    0.00000 mb
 diff-el                                  0.0000 +-    0.00000 mb
 diff-qel                                 0.0000 +-    0.00000 mb

 E_cm =     79.6 GeV  Q^2 =****** GeV^2 :

 total                                    0.0000 +-    0.00000 mb
 elastic                                  0.0000 +-    0.00000 mb
 quasi-elastic (A+B-->A+X)                0.0000 +-    0.00000 mb
 quasi-elastic (A+B-->X+B)                0.0000 +-    0.00000 mb
 quasi-elastic (A+B-->X, excl. 2-4)       0.0000 +-    0.00000 mb
 production                               0.0000 +-    0.00000 mb
 diff-el                                  0.0000 +-    0.00000 mb
 diff-qel                                 0.0000 +-    0.00000 mb
         Sigma_tot (max) =   0.002 mb
  
 DT_LAEVT: Initializing event loop
 Determining Pythia/Rapgap subevent type (ep vs en)
  
 DT_LAEVT: ITMODE=0 (Default) selected.
 Sequential Mode:       333022  en sub-collisions.
     followed by:       666978  ep sub-collisions.
  for a total of:      1000000  sub-collisions.


 NCLPOT:    quantities for inclusion of nuclear effects
            -------------------------------------------

                                      projectile      target

 Mass number / charge                   1 /  1        3 /  2
 Binding energy  - proton   (GeV)     0.0000E+00    0.5493E-02
                 - neutron  (GeV)     0.0000E+00    0.7718E-02
 Fermi-potential - proton   (GeV)     0.0000E+00    0.2469E-01
                 - neutron  (GeV)     0.0000E+00    0.1561E-01

 Scale factor for Fermi-momentum    0.62

 Coulomb-energy     0.0000E+00 GeV      0.9141E-03 GeV  



 FER4M:   sampling of Fermi-momenta activated
 SCLFAC: 3A/(4piR^3)=  0.69513397541106925      nucleons/fm^3
 SCLFAC: A=           3  Nuclear density at origin:   0.17020668058376262      nucleons/fm^3

 Advisory warning: maximum violated by  1.474D+00 in event      38
 XSEC(96,1) increased to  2.679D-02

 Advisory warning: maximum violated by  2.557D+00 in event      90
 XSEC(96,1) increased to  6.853D-02
    99999 events sampled
      100000  events output done
 KKEVNT: Old Q2,y:   182.47912231149672        3.0287202761479240E-002 Rerolling.
  
   199999 events sampled
      200000  events output done

 Advisory warning: maximum violated by  1.161D+00 in event    4501
 XSEC(96,1) increased to  2.869D-02
   299999 events sampled
      300000  events output done
 ===================================================
 FROM PYTHIA (1st half: en collisions):
 Pythia total cross section normalisation:   1.3642549399192712E-003  microbarn
 Total Number of generated events pythia      333023
 ===================================================
 Actual totals from BeAGLE so far:
 Total Number of generated events      333022
 Total Number of trials      333023
 ===================================================

 ===== PDFSTA statistics for PDF under/over-flows ====

 ====== STRUCTM statistics for nucleon/pion PDFs =====

   total # of calls    651665258.00000000     
   X  below PDF min    0.0000000000000000       or    0.0000000000000000       %
   X  above PDF max    0.0000000000000000       or    0.0000000000000000       %
   Q2 below PDF min    0.0000000000000000       or    0.0000000000000000       %
   Q2 above PDF max    0.0000000000000000       or    0.0000000000000000       %

 ========= STRUCTP statistics for photon PDFs ========

   total # of calls    0.0000000000000000     

1****************** PYINIT: initialization of PYTHIA routines *****************
 ==== PYTHIA WILL USE LHAPDF ====
 Strong coupling at Mz for PDF is:  0.12978

 ==============================================================================
 I                                                                            I
 I      PYTHIA will be initialized for gamma/e- on p+ user configuration      I
 I                                                                            I
 I                  px (GeV/c)   py (GeV/c)   pz (GeV/c)      E (GeV)         I
 I        gamma/e-       0.000        0.000      -10.000       10.000         I
 I        p+             0.000        0.000      166.379      166.382         I
 I                                                                            I
 I           corresponding to     81.585 GeV center-of-mass energy            I
 I                                                                            I
 ==============================================================================

 ******** PYMAXI: summary of differential cross-section maximum search ********

           ==========================================================
           I                                      I                 I
           I  ISUB  Subprocess name               I  Maximum value  I
           I                                      I                 I
           ==========================================================
           I                                      I                 I
           I   91   Elastic scattering            I    5.6939D-04   I
           I   92   Single diffractive (XB)       I    4.2845D-04   I
           I   93   Single diffractive (AX)       I    3.4995D-04   I
           I   94   Double  diffractive           I    3.3656D-04   I
           I   95   Low-pT scattering             I    2.5624D-03   I
           I   96   Semihard QCD 2 -> 2           I    2.4694D-02   I
           I                                      I                 I
           ==========================================================

 ******** PYMAXI: summary of differential cross-section maximum search ********

           ==========================================================
           I                                      I                 I
           I  ISUB  Subprocess name               I  Maximum value  I
           I                                      I                 I
           ==========================================================
           I                                      I                 I
           I  131   f + gamma*_T -> f + g         I    2.4160D-04   I
           I  132   f + gamma*_L -> f + g         I    1.2675D-05   I
           I  135   g + gamma*_T -> f + fbar      I    9.8445D-04   I
           I  136   g + gamma*_L -> f + fbar      I    1.7418D-04   I
           I                                      I                 I
           ==========================================================

 ******** PYMAXI: summary of differential cross-section maximum search ********

           ==========================================================
           I                                      I                 I
           I  ISUB  Subprocess name               I  Maximum value  I
           I                                      I                 I
           ==========================================================
           I                                      I                 I
           I   91   Elastic scattering            I    2.6377D-05   I
           I   92   Single diffractive (XB)       I    2.0243D-05   I
           I   93   Single diffractive (AX)       I    1.6064D-05   I
           I   94   Double  diffractive           I    1.5791D-05   I
           I   95   Low-pT scattering             I    1.2766D-04   I
           I   96   Semihard QCD 2 -> 2           I    1.8158D-02   I
           I                                      I                 I
           ==========================================================

 ******** PYMAXI: summary of differential cross-section maximum search ********

           ==========================================================
           I                                      I                 I
           I  ISUB  Subprocess name               I  Maximum value  I
           I                                      I                 I
           ==========================================================
           I                                      I                 I
           I   99   q + gamma* -> q               I    3.5698D-03   I
           I                                      I                 I
           ==========================================================

 ********************** PYINIT: initialization completed **********************
 KKEVNT: Old Q2,y:   101.65287254624218        1.6130612884076592E-002 Rerolling.
  
 KKEVNT: Old Q2,y:   113.45073277774122        2.1118588680316873E-002 Rerolling.
  

 Advisory warning: maximum violated by  1.863D+00 in event      49
 XSEC(96,1) increased to  3.382D-02
   399999 events sampled
      400000  events output done

 Advisory warning: maximum violated by  4.035D+00 in event    1629
 XSEC(96,1) increased to  9.964D-02
 KKEVNT: Old Q2,y:   110.37825282814444        1.8649624408674671E-002 Rerolling.
  

 Advisory warning: maximum violated by  1.656D+00 in event     172
 XSEC(96,1) increased to  5.601D-02
   499999 events sampled
      500000  events output done
 KKEVNT: Old Q2,y:   192.65488496731626        3.0013881133415687E-002 Rerolling.
  
 KKEVNT: Old Q2,y:   127.97676372646087        2.1378609855959539E-002 Rerolling.
  
   599999 events sampled
      600000  events output done
 KKEVNT: Old Q2,y:   513.23898597315201        7.7771009197465629E-002 Rerolling.
  
   699999 events sampled
      700000  events output done

 Advisory warning: maximum violated by  1.093D+00 in event     486
 XSEC(96,1) increased to  6.123D-02

 Advisory warning: maximum violated by  1.275D+00 in event     523
 XSEC(96,1) increased to  7.806D-02
   799999 events sampled
      800000  events output done
 KKEVNT: Old Q2,y:   2665.2150376925929       0.48717008516066740      Rerolling.
  
   899999 events sampled
      900000  events output done
 KKEVNT: Old Q2,y:   159.26341087057236        2.8357654356638493E-002 Rerolling.
  
 KKEVNT: Old Q2,y:   294.10257436354101        4.6417282596258741E-002 Rerolling.
  
 KKEVNT: Old Q2,y:   124.70116041178269        2.7428310189712486E-002 Rerolling.
  
 KKEVNT: Old Q2,y:   126.04973856863732        2.0644845995882941E-002 Rerolling.
  
   999999 events sampled
     1000000  events output done
1********* PYSTAT:  Statistics on Number of Events and Cross-sections *********

 ==============================================================================
 I                                  I                            I            I
 I            Subprocess            I      Number of points      I    Sigma   I
 I                                  I                            I            I
 I----------------------------------I----------------------------I    (mb)    I
 I                                  I                            I            I
 I N:o Type                         I    Generated         Tried I            I
 I                                  I                            I            I
 ==============================================================================
 I                                  I                            I            I
 I   0 All included subprocesses    I       666989    -524268630 I  1.696D-06 I
 I  11 f + f' -> f + f' (QCD)       I          188             0 I  5.836D-10 I
 I  12 f + fbar -> f' + fbar'       I            2             0 I  1.167D-12 I
 I  13 f + fbar -> g + g            I            1             0 I  5.835D-13 I
 I  28 f + g -> f + g               I          576             0 I  7.085D-10 I
 I  53 g + g -> f + fbar            I            6             0 I  3.501D-12 I
 I  68 g + g -> g + g               I          324             0 I  1.890D-10 I
 I  91 Elastic scattering           I         4835     234809140 I  1.233D-08 I
 I  92 Single diffractive (XB)      I         2260     176817515 I  5.628D-09 I
 I  93 Single diffractive (AX)      I         1499     144220734 I  3.825D-09 I
 I  94 Double  diffractive          I         2167     230186789 I  3.182D-09 I
 I  95 Low-pT scattering            I          439      64806756 I  2.614D-09 I
 I  99 q + gamma* -> q              I       653455    1403035497 I  1.664D-06 I
 I 131 f + gamma*_T -> f + g        I          875      94940652 I  2.167D-09 I
 I 132 f + gamma*_L -> f + g        I           71       4975102 I  1.820D-10 I
 I 135 g + gamma*_T -> f + fbar     I          196     386911399 I  4.746D-10 I
 I 136 g + gamma*_L -> f + fbar     I           95      68462772 I  2.408D-10 I
 I                                  I                            I            I
 ==============================================================================
 I                                  I                            I            I
 I   1 VMD * hadron                 I        11560    1729112421 I  2.719D-08 I
 I   2 direct * hadron              I         1237     555289925 I  3.064D-09 I
 I   3 anomalous * hadron           I          737      83260823 I  1.877D-09 I
 I   4 DIS * hadron                 I       653455    1403035497 I  1.664D-06 I
 I                                  I                            I            I
 ==============================================================================

 ********* Total number of errors, excluding junctions =        0 *************
 ********* Total number of errors, including junctions =        0 *************
 ********* Total number of warnings =                           0 *************
 ********* Fraction of events that fail fragmentation cuts =  0.00013 *********

1************ PYSTAT: User-Defined Limits on Kinematical Variables ************

 ==============================================================================
 I                                                                            I
 I                 0.000D+00 <  m_hard (GeV/c^2)  <  1.412D+01                I
 I    0.000D+00 ( 1.000D+00) <  p_T_hard (GeV/c)  <  7.059D+00                I
 I                             m_finite (GeV/c^2) =  1.000D+00                I
 I                -1.000D+01 <    y*_subsystem    <  1.000D+01                I
 I                -4.000D+01 <      y*_large      <  4.000D+01                I
 I                -4.000D+01 <      y*_small      <  4.000D+01                I
 I                -4.000D+01 <     eta*_large     <  4.000D+01                I
 I                -4.000D+01 <     eta*_small     <  4.000D+01                I
 I                -1.000D+00 < cos(theta*)_large  <  1.000D+00                I
 I                -1.000D+00 < cos(theta*)_small  <  1.000D+00                I
 I                 0.000D+00 <        x_1         <  1.000D+00                I
 I                 0.000D+00 <        x_2         <  1.000D+00                I
 I                -1.000D+00 <        x_F         <  1.000D+00                I
 I                -1.000D+00 <  cos(theta_hard)   <  1.000D+00                I
 I                 2.000D+00 < m'_hard (GeV/c^2)  <  1.412D+01                I
 I                                                                            I
 ==============================================================================
 The charm mass used is:    1.5000000000000000     
 ===================================================
 FROM PYTHIA (2nd half: ep collisions):
 Pythia total cross section normalisation:   1.6956960537337108E-003  microbarn
 Total Number of generated events pythia      666989
 ===================================================
 Actual totals from BeAGLE:
 Total Number of generated events     1000000
 Total Number of trials     1000012
 ===================================================

 ===== PDFSTA statistics for PDF under/over-flows ====

 ====== STRUCTM statistics for nucleon/pion PDFs =====

   total # of calls    1712146611.0000000     
   X  below PDF min    0.0000000000000000       or    0.0000000000000000       %
   X  above PDF max    0.0000000000000000       or    0.0000000000000000       %
   Q2 below PDF min    0.0000000000000000       or    0.0000000000000000       %
   Q2 above PDF max    0.0000000000000000       or    0.0000000000000000       %

 ========= STRUCTP statistics for photon PDFs ========

   total # of calls    0.0000000000000000     


 HISTAT:              statistics - intranuclear cascade
                      ---------------------------------

 no. of events for normalization: (accepted final events, evt)    ******
                                  (events before evap.-step, evt1)     0
 no. of rejected events due to intranuclear cascade                    0

 no. of wounded nucl. in proj./ target (mean per evt)       0.00 /  0.00
 no. of particles unable to escape proj./ target (mean per evt)
        baryons:  pos.   0.000 /  0.009   neg.   0.000 /  0.000
        mesons:   pos.   0.000 /  0.000   neg.   0.000 /  0.000
 maximum no. of generations treated (maximum allowed:   0)
                                           (mean per evt)       0.00
 no. of sec. interactions in proj./ target (mean per evt1)  0.000 /  0.000
        out of which by inelastic interactions              0.000 /  0.000
                     by elastic interactions                0.000 /  0.000
                     by absorption (ap, K-, pi- only)       0.000 /  0.000


 HISTAT:              statistics - residual nuclei, evaporation
                      -----------------------------------------

 no. of events for normal.: (events handled by FICONF, evt)            0
                            (events passing the evap.-step, evt1)      0
 no. of rejected events     (   0,   0,   0)                           0


                      1) before evaporation-step:

 residual nuclei:  (mean values per evt)            proj. / target

        total number of particles                   0.000    0.000
        out of which: protons                       0.000    0.000
                      neutrons                      0.000    0.000
                      baryons                       0.000    0.000
                      pos. baryons                  0.000    0.000
        total charge                                0.000    0.000

        excitation energy (bef. evap.-step)     0.000E+00  0.000E+00
        excitation energy per nucleon           0.000E+00  0.000E+00


                      2) after  evaporation-step:

 Fission:             not requested
 Fermi-Break-up:      requested    
 Gamma-deexcitation:  requested    

 evaporation/deexcitation:  (mean values per evt1)  proj. / target

        total number of evap. particles             0.000    0.000
        out of which: protons                       0.000    0.000
                      neutrons                      0.000    0.000
                      deuterons                     0.000    0.000
                      3-H                           0.000    0.000
                      3-He                          0.000    0.000
                      4-He                          0.000    0.000
        nucl. deexcit. gammas                       0.000    0.000
        heavy fragments                             0.000    0.000


 HIMULT:                     particle - statistics
                             ---------------------

 fast/grey/black: EMU-def.

 particle    |            average multiplicity
             |     total         fast       grey     black    <pt>     f(1.7)
 ------------+---------------------------------------------------------------
 P          1|      2.302667     1.689492  0.08443  0.52874  0.45603  0.87787
 AP         2|      0.262960     0.245624  0.01651  0.00082  1.29694  0.00310
 E-         3|      1.009540     1.009539  0.00000  0.00000 10.43607  0.01207
 E+         4|      0.007870     0.007870  0.00000  0.00000  0.51527  0.00003
 NUE        5|      0.001384     0.001384  0.00000  0.00000  0.94543  0.00001
 ANUE       6|      0.002328     0.002328  0.00000  0.00000  0.70059  0.00003
 GAM        7|      1.096098     1.096098  0.00000  0.00000  0.56791  0.00483
 NEU        8|      0.709640     0.688914  0.01961  0.00112  0.72658  0.14944
 ANEU       9|      0.254942     0.237945  0.01625  0.00075  1.24070  0.00314
 MUE+      10|      0.001753     0.001704  0.00005  0.00000  0.96759  0.00001
 MUE-      11|      0.002567     0.002442  0.00012  0.00001  0.77094  0.00004
 K0L       12|      0.984844     0.892187  0.08471  0.00795  0.69786  0.00590
 PI+       13|      5.692577     5.295812  0.11767  0.27910  0.71555  0.03520
 PI-       14|      5.433807     5.056548  0.11346  0.26380  0.66338  0.03356
 K+        15|      0.579610     0.498637  0.02535  0.05562  1.08947  0.00455
 K-        16|      0.516645     0.442475  0.02332  0.05085  0.90190  0.00435
 LAM       17|      0.013928     0.012127  0.00162  0.00018  0.51351  0.00012
 ALAM      18|      0.008921     0.007757  0.00102  0.00014  0.48305  0.00008
 K0S       19|      0.605026     0.525943  0.07115  0.00793  0.40303  0.00263
 SIGM-     20|      0.001228     0.001062  0.00015  0.00002  0.61909  0.00002
 SIGM+     21|      0.001464     0.001279  0.00016  0.00002  0.60416  0.00002
 SIGM0     22|      0.001508     0.001299  0.00019  0.00002  0.56918  0.00002
 PI0       23|      2.787441     2.596886  0.17314  0.01742  0.43278  0.01596
 K0        24|      0.170000     0.149255  0.01874  0.00200  0.44959  0.00109
 AK0       25|      0.148506     0.130681  0.01605  0.00178  0.45596  0.00100
 BLANK     26|      7.268670     6.794892  0.15784  0.31594  2.06056  0.05381
 BLANK     27|     15.903891    14.333678  0.39029  1.17993  1.30611  0.97231
 BLANK     28|      0.000000     0.000000  0.00000  0.00000  0.00000  0.00000
 BLANK     29|      0.000000     0.000000  0.00000  0.00000  0.00000  0.00000
 BLANK     30|     22.965710    20.928087  0.81593  1.22169  1.07453  1.15914
 ETA550    31|      0.094958     0.083607  0.01028  0.00108  0.47389  0.00072
 RHO+77    32|      0.032233     0.028830  0.00309  0.00031  0.66498  0.00053
 RHO077    33|      0.061332     0.054032  0.00657  0.00073  0.54831  0.00063
 RHO-77    34|      0.027636     0.024578  0.00278  0.00028  0.64575  0.00042
 OM0783    35|      0.032970     0.029351  0.00324  0.00038  0.64211  0.00049
 K*+892    36|      0.010857     0.009677  0.00107  0.00011  0.67614  0.00019
 K*0892    37|      0.008131     0.007241  0.00081  0.00008  0.69725  0.00013
 K*-892    38|      0.008984     0.007969  0.00092  0.00009  0.66037  0.00015
 AK*089    39|      0.008374     0.007438  0.00086  0.00008  0.67235  0.00013
 KA+125    40|      0.000000     0.000000  0.00000  0.00000  0.00000  0.00000
 KA0125    41|      0.000000     0.000000  0.00000  0.00000  0.00000  0.00000
 KA-125    42|      0.000000     0.000000  0.00000  0.00000  0.00000  0.00000
 AKA012    43|      0.000000     0.000000  0.00000  0.00000  0.00000  0.00000
 K*+142    44|      0.000000     0.000000  0.00000  0.00000  0.00000  0.00000
 K*0142    45|      0.000000     0.000000  0.00000  0.00000  0.00000  0.00000
 K*-142    46|      0.000000     0.000000  0.00000  0.00000  0.00000  0.00000
 AK*014    47|      0.000000     0.000000  0.00000  0.00000  0.00000  0.00000
 S+1385    48|      0.000235     0.000202  0.00003  0.00001  0.88630  0.00000
 S01385    49|      0.000234     0.000204  0.00003  0.00000  0.83878  0.00000
 S-1385    50|      0.000212     0.000195  0.00002  0.00000  0.73656  0.00000
 L01820    51|      0.000000     0.000000  0.00000  0.00000  0.00000  0.00000
 L02030    52|      0.000000     0.000000  0.00000  0.00000  0.00000  0.00000
 N*++12    53|      0.001573     0.001404  0.00015  0.00002  0.76790  0.00003
 N*+ 12    54|      0.001656     0.001473  0.00016  0.00002  0.80894  0.00002
 N*012     55|      0.001519     0.001328  0.00017  0.00002  0.77769  0.00003
 N*-12     56|      0.001290     0.001134  0.00015  0.00001  0.82808  0.00002
 N*++16    57|      0.000000     0.000000  0.00000  0.00000  0.00000  0.00000
 N*+16     58|      0.000000     0.000000  0.00000  0.00000  0.00000  0.00000
 N*016     59|      0.000000     0.000000  0.00000  0.00000  0.00000  0.00000
 N*-16     60|      0.000000     0.000000  0.00000  0.00000  0.00000  0.00000
 N*+14     61|      0.000000     0.000000  0.00000  0.00000  0.00000  0.00000
 N*014     62|      0.000000     0.000000  0.00000  0.00000  0.00000  0.00000
 N*+15     63|      0.000000     0.000000  0.00000  0.00000  0.00000  0.00000
 N*015     64|      0.000000     0.000000  0.00000  0.00000  0.00000  0.00000
 N*+18     65|      0.000000     0.000000  0.00000  0.00000  0.00000  0.00000
 N*018     66|      0.000000     0.000000  0.00000  0.00000  0.00000  0.00000
 AN--12    67|      0.000943     0.000821  0.00011  0.00001  0.68422  0.00002
 AN*-12    68|      0.000912     0.000798  0.00010  0.00001  0.76248  0.00002
 AN*012    69|      0.000947     0.000834  0.00011  0.00001  0.69774  0.00002
 AN*+12    70|      0.000850     0.000751  0.00009  0.00001  0.71480  0.00002
 AN--16    71|      0.000000     0.000000  0.00000  0.00000  0.00000  0.00000
 AN*-16    72|      0.000000     0.000000  0.00000  0.00000  0.00000  0.00000
 AN*016    73|      0.000000     0.000000  0.00000  0.00000  0.00000  0.00000
 AN*+16    74|      0.000000     0.000000  0.00000  0.00000  0.00000  0.00000
 AN*-15    75|      0.000000     0.000000  0.00000  0.00000  0.00000  0.00000
 AN*015    76|      0.000000     0.000000  0.00000  0.00000  0.00000  0.00000
 DE*=24    77|      0.000000     0.000000  0.00000  0.00000  0.00000  0.00000
 RPI+49    78|      0.000000     0.000000  0.00000  0.00000  0.00000  0.00000
 RPI049    79|      0.000000     0.000000  0.00000  0.00000  0.00000  0.00000
 RPI-49    80|      0.000000     0.000000  0.00000  0.00000  0.00000  0.00000
 PIN++     81|      0.000000     0.000000  0.00000  0.00000  0.00000  0.00000
 PIN+0     82|      0.000000     0.000000  0.00000  0.00000  0.00000  0.00000
 PIN+-     83|      0.000000     0.000000  0.00000  0.00000  0.00000  0.00000
 PIN-0     84|      0.000000     0.000000  0.00000  0.00000  0.00000  0.00000
 PPPI      85|      0.000000     0.000000  0.00000  0.00000  0.00000  0.00000
 PNPI      86|      0.000000     0.000000  0.00000  0.00000  0.00000  0.00000
 APPPI     87|      0.000000     0.000000  0.00000  0.00000  0.00000  0.00000
 APNPI     88|      0.000000     0.000000  0.00000  0.00000  0.00000  0.00000
 K+PPI     89|      0.000000     0.000000  0.00000  0.00000  0.00000  0.00000
 K-PPI     90|      0.000000     0.000000  0.00000  0.00000  0.00000  0.00000
 K+NPI     91|      0.000000     0.000000  0.00000  0.00000  0.00000  0.00000
 K-NPI     92|      0.000000     0.000000  0.00000  0.00000  0.00000  0.00000
 S+1820    93|      0.000000     0.000000  0.00000  0.00000  0.00000  0.00000
 S-2030    94|      0.000000     0.000000  0.00000  0.00000  0.00000  0.00000
 ETA*      95|      0.005806     0.005164  0.00058  0.00006  0.67589  0.00009
 PHI       96|      0.002426     0.002140  0.00026  0.00003  0.70319  0.00003
 TETA0     97|      0.000695     0.000612  0.00008  0.00001  0.48777  0.00001
 TETA-     98|      0.000779     0.000686  0.00008  0.00001  0.52744  0.00001
 ASIG-     99|      0.000967     0.000845  0.00011  0.00002  0.62594  0.00001
 ASIG0    100|      0.000909     0.000806  0.00009  0.00001  0.64047  0.00001
 ASIG+    101|      0.000943     0.000841  0.00009  0.00001  0.59998  0.00002
 ATETA0   102|      0.000658     0.000590  0.00006  0.00001  0.49916  0.00001
 ATETA+   103|      0.000725     0.000633  0.00008  0.00001  0.51034  0.00001
 SIG*+    104|      0.000000     0.000000  0.00000  0.00000  0.00000  0.00000
 SIG*0    105|      0.000000     0.000000  0.00000  0.00000  0.00000  0.00000
 SIG*-    106|      0.000000     0.000000  0.00000  0.00000  0.00000  0.00000
 TETA*0   107|      0.000035     0.000029  0.00001  0.00000  1.12947  0.00000
 TETA*    108|      0.000027     0.000024  0.00000  0.00000  0.78197  0.00000
 OMEGA-   109|      0.000003     0.000002  0.00000  0.00000  0.34515  0.00000
 ASIG*-   110|      0.000170     0.000150  0.00002  0.00000  0.71316  0.00000
 ASIG*0   111|      0.000179     0.000151  0.00003  0.00000  0.62512  0.00000
 ASIG*+   112|      0.000178     0.000157  0.00002  0.00000  0.67260  0.00000
 ATET*0   113|      0.000019     0.000017  0.00000  0.00000  0.53317  0.00000
 ATET*+   114|      0.000021     0.000017  0.00000  0.00000  0.54682  0.00000
 OMEGA+   115|      0.000009     0.000007  0.00000  0.00000  0.52018  0.00000
 DEUTERON 116|      0.043677     0.038796  0.00435  0.00053  0.40397  0.00020
 3-H      117|      0.008923     0.007907  0.00092  0.00010  0.40191  0.00005
 3-HE     118|      0.003729     0.003296  0.00039  0.00005  0.45342  0.00002
 4-HE     119|      0.015780     0.014043  0.00157  0.00017  0.44044  0.00010
STOP        0.00      0.00      0.00      0.00      0.00      0.00            
